
 12/01/2026 13:35:27 Service Starting service
 12/01/2026 13:35:27 Bus Became bus client

 12/01/2026 13:35:27 Middleware::Response Success
 12/01/2026 13:35:27 Service Initializing modules

------------------------------------------------------------------------------
----------------------------------AutoLogOut----------------------------------
------------------------------------------------------------------------------
 12/01/2026 13:35:27 Client-Info Client Version: 0.13.0
 12/01/2026 13:35:27 Client-Info Client OS:      Windows
 12/01/2026 13:35:27 Client-Info Server Version: 1.5.10.1650
 12/01/2026 13:35:27 Middleware::Response Success
------------------------------------------------------------------------------


------------------------------------------------------------------------------
-----------------------------DefaultPrinterManager----------------------------
------------------------------------------------------------------------------
 12/01/2026 13:35:28 Client-Info Client Version: 0.13.0
 12/01/2026 13:35:28 Client-Info Client OS:      Windows
 12/01/2026 13:35:28 Client-Info Server Version: 1.5.10.1650
 12/01/2026 13:35:28 Middleware::Response Success
------------------------------------------------------------------------------


------------------------------------------------------------------------------
--------------------------------DisplayManager--------------------------------
------------------------------------------------------------------------------
 12/01/2026 13:35:28 Client-Info Client Version: 0.13.0
 12/01/2026 13:35:28 Client-Info Client OS:      Windows
 12/01/2026 13:35:28 Client-Info Server Version: 1.5.10.1650
 12/01/2026 13:35:28 Middleware::Response Success
 12/01/2026 13:35:28 DisplayManager ERROR: Invalid settings provided
------------------------------------------------------------------------------

 12/01/2026 13:35:28 Service Sleeping for 3686 seconds
 12/01/2026 13:35:29 Bus::Client ERROR: Aucune connexion n’a pu être établie car l’ordinateur cible l’a expressément refusée
 12/01/2026 13:35:29 Bus::Client ERROR: Connection lost due to socket error
 12/01/2026 13:36:01 Bus::Client ERROR: Aucune connexion n’a pu être établie car l’ordinateur cible l’a expressément refusée
 12/01/2026 13:36:29 Bus::Client Connection established
